Fri Oct 19 2018 13:09:50 GMT+0530 (IST): POST /tex
Fri Oct 19 2018 13:10:09 GMT+0530 (IST): GET /
Fri Oct 19 2018 13:10:55 GMT+0530 (IST): GET /
Fri Oct 19 2018 13:11:13 GMT+0530 (IST): POST /
Fri Oct 19 2018 13:11:44 GMT+0530 (IST): POST /tex
Fri Oct 19 2018 13:12:56 GMT+0530 (IST): GET /
Fri Oct 19 2018 13:13:34 GMT+0530 (IST): GET /test/ajax-test.html
Fri Oct 19 2018 13:13:34 GMT+0530 (IST): GET /favicon.ico
Fri Oct 19 2018 13:13:34 GMT+0530 (IST): GET /favicon.ico
Fri Oct 19 2018 13:20:06 GMT+0530 (IST): GET /tex
Fri Oct 19 2018 13:20:16 GMT+0530 (IST): GET /
Fri Oct 19 2018 13:21:08 GMT+0530 (IST): POST /tex
Fri Oct 19 2018 13:38:09 GMT+0530 (IST): POST /tex
Fri Oct 19 2018 13:41:11 GMT+0530 (IST): GET /
Fri Oct 19 2018 13:43:12 GMT+0530 (IST): GET /test/ajax-test.html
Fri Oct 19 2018 13:46:03 GMT+0530 (IST): GET /test/ajax-test.html
Fri Oct 19 2018 13:59:11 GMT+0530 (IST): GET /
Fri Oct 19 2018 14:01:53 GMT+0530 (IST): GET /
Fri Oct 19 2018 14:03:20 GMT+0530 (IST): GET /
Fri Oct 19 2018 14:03:31 GMT+0530 (IST): GET /
Fri Oct 19 2018 14:03:38 GMT+0530 (IST): GET /
Fri Oct 19 2018 14:08:11 GMT+0530 (IST): GET /
Fri Oct 19 2018 14:08:13 GMT+0530 (IST): GET /
Fri Oct 19 2018 14:08:14 GMT+0530 (IST): GET /
Fri Oct 19 2018 14:08:16 GMT+0530 (IST): GET /
Fri Oct 19 2018 14:08:17 GMT+0530 (IST): GET /
Fri Oct 19 2018 14:08:19 GMT+0530 (IST): GET /
Fri Oct 19 2018 14:08:20 GMT+0530 (IST): GET /
Fri Oct 19 2018 14:08:21 GMT+0530 (IST): GET /
Fri Oct 19 2018 14:08:23 GMT+0530 (IST): GET /
Fri Oct 19 2018 14:08:24 GMT+0530 (IST): GET /
Fri Oct 19 2018 14:08:25 GMT+0530 (IST): GET /
Fri Oct 19 2018 14:08:26 GMT+0530 (IST): GET /
Fri Oct 19 2018 14:08:27 GMT+0530 (IST): GET /
Fri Oct 19 2018 14:10:25 GMT+0530 (IST): GET /?dummy
Fri Oct 19 2018 14:11:35 GMT+0530 (IST): GET /?dummy
Fri Oct 19 2018 14:13:59 GMT+0530 (IST): GET /
Fri Oct 19 2018 14:14:13 GMT+0530 (IST): GET /?dummy
Fri Oct 19 2018 14:17:09 GMT+0530 (IST): GET /?dummy
Fri Oct 19 2018 14:18:12 GMT+0530 (IST): GET /?dummy
Fri Oct 19 2018 14:22:19 GMT+0530 (IST): GET /?dummy
Fri Oct 19 2018 14:24:56 GMT+0530 (IST): GET /?dummy
Fri Oct 19 2018 14:25:41 GMT+0530 (IST): GET /?dummy
Fri Oct 19 2018 14:25:52 GMT+0530 (IST): GET /?dummy
Fri Oct 19 2018 14:27:24 GMT+0530 (IST): GET /?dummy
Fri Oct 19 2018 14:28:18 GMT+0530 (IST): GET /?dummy
Fri Oct 19 2018 14:34:39 GMT+0530 (IST): POST /
Fri Oct 19 2018 14:35:12 GMT+0530 (IST): POST /tex
Fri Oct 19 2018 14:35:25 GMT+0530 (IST): POST /tex
Fri Oct 19 2018 14:36:13 GMT+0530 (IST): POST /tex
Fri Oct 19 2018 14:36:21 GMT+0530 (IST): POST /tex
Fri Oct 19 2018 14:36:33 GMT+0530 (IST): POST /tex
Fri Oct 19 2018 14:38:33 GMT+0530 (IST): POST /tex
Fri Oct 19 2018 14:38:52 GMT+0530 (IST): POST /tex
Fri Oct 19 2018 14:39:05 GMT+0530 (IST): POST /tex
Fri Oct 19 2018 14:39:11 GMT+0530 (IST): POST /tex
Fri Oct 19 2018 14:40:38 GMT+0530 (IST): POST /tex
Fri Oct 19 2018 14:41:18 GMT+0530 (IST): POST /
Fri Oct 19 2018 14:41:22 GMT+0530 (IST): POST /
Fri Oct 19 2018 14:41:30 GMT+0530 (IST): POST /
Fri Oct 19 2018 14:42:53 GMT+0530 (IST): POST /
Fri Oct 19 2018 14:43:30 GMT+0530 (IST): POST /
Fri Oct 19 2018 14:43:48 GMT+0530 (IST): GET /?dummy
Fri Oct 19 2018 14:44:17 GMT+0530 (IST): POST /
Fri Oct 19 2018 14:44:30 GMT+0530 (IST): POST /
Fri Oct 19 2018 14:46:21 GMT+0530 (IST): POST /
Fri Oct 19 2018 14:46:35 GMT+0530 (IST): POST /
Fri Oct 19 2018 14:46:38 GMT+0530 (IST): POST /
Fri Oct 19 2018 14:46:42 GMT+0530 (IST): POST /
Fri Oct 19 2018 14:48:42 GMT+0530 (IST): POST /
Fri Oct 19 2018 14:50:00 GMT+0530 (IST): POST /
Fri Oct 19 2018 14:50:07 GMT+0530 (IST): POST /
Fri Oct 19 2018 14:50:18 GMT+0530 (IST): POST /
Fri Oct 19 2018 14:50:24 GMT+0530 (IST): POST /
Fri Oct 19 2018 14:50:52 GMT+0530 (IST): GET /?dummy
Fri Oct 19 2018 14:51:36 GMT+0530 (IST): GET /?dummy
Fri Oct 19 2018 14:52:01 GMT+0530 (IST): POST /
Fri Oct 19 2018 14:52:05 GMT+0530 (IST): POST /
Fri Oct 19 2018 14:52:06 GMT+0530 (IST): POST /
Fri Oct 19 2018 14:53:11 GMT+0530 (IST): POST /
Fri Oct 19 2018 14:53:22 GMT+0530 (IST): POST /
Fri Oct 19 2018 14:53:25 GMT+0530 (IST): POST /
Fri Oct 19 2018 14:53:28 GMT+0530 (IST): POST /
Fri Oct 19 2018 14:53:55 GMT+0530 (IST): POST /
Fri Oct 19 2018 14:53:57 GMT+0530 (IST): POST /
Fri Oct 19 2018 14:54:22 GMT+0530 (IST): POST /
Fri Oct 19 2018 14:54:24 GMT+0530 (IST): POST /
Fri Oct 19 2018 14:54:26 GMT+0530 (IST): POST /
Fri Oct 19 2018 14:54:28 GMT+0530 (IST): POST /
Fri Oct 19 2018 14:55:41 GMT+0530 (IST): POST /
Fri Oct 19 2018 14:55:45 GMT+0530 (IST): POST /
Fri Oct 19 2018 14:57:00 GMT+0530 (IST): POST /
Fri Oct 19 2018 14:59:01 GMT+0530 (IST): POST /
Fri Oct 19 2018 15:13:32 GMT+0530 (IST): POST /
Fri Oct 19 2018 15:13:41 GMT+0530 (IST): POST /
Fri Oct 19 2018 15:13:44 GMT+0530 (IST): POST /
Fri Oct 19 2018 15:13:45 GMT+0530 (IST): POST /
Fri Oct 19 2018 15:14:18 GMT+0530 (IST): POST /
Fri Oct 19 2018 15:14:34 GMT+0530 (IST): POST /
Fri Oct 19 2018 15:14:45 GMT+0530 (IST): POST /
Fri Oct 19 2018 15:14:48 GMT+0530 (IST): POST /
Fri Oct 19 2018 15:14:49 GMT+0530 (IST): POST /
Fri Oct 19 2018 15:14:51 GMT+0530 (IST): POST /
Fri Oct 19 2018 15:14:53 GMT+0530 (IST): POST /
Fri Oct 19 2018 15:15:38 GMT+0530 (IST): POST /
Fri Oct 19 2018 15:15:42 GMT+0530 (IST): POST /
Fri Oct 19 2018 15:15:47 GMT+0530 (IST): POST /
Fri Oct 19 2018 15:15:50 GMT+0530 (IST): POST /
Fri Oct 19 2018 15:15:55 GMT+0530 (IST): POST /
Fri Oct 19 2018 15:15:59 GMT+0530 (IST): POST /
Fri Oct 19 2018 15:16:02 GMT+0530 (IST): POST /
Fri Oct 19 2018 15:16:05 GMT+0530 (IST): POST /
Fri Oct 19 2018 15:16:07 GMT+0530 (IST): POST /
Fri Oct 19 2018 15:16:09 GMT+0530 (IST): POST /
Fri Oct 19 2018 15:16:12 GMT+0530 (IST): POST /
Fri Oct 19 2018 15:17:35 GMT+0530 (IST): POST /
Fri Oct 19 2018 15:20:06 GMT+0530 (IST): POST /
Fri Oct 19 2018 15:20:08 GMT+0530 (IST): POST /
Fri Oct 19 2018 15:20:11 GMT+0530 (IST): POST /
Fri Oct 19 2018 15:20:14 GMT+0530 (IST): POST /
Fri Oct 19 2018 15:20:17 GMT+0530 (IST): POST /
Fri Oct 19 2018 15:20:20 GMT+0530 (IST): POST /
Fri Oct 19 2018 15:20:23 GMT+0530 (IST): POST /
Fri Oct 19 2018 15:20:25 GMT+0530 (IST): POST /
Fri Oct 19 2018 15:20:28 GMT+0530 (IST): POST /
Fri Oct 19 2018 15:20:30 GMT+0530 (IST): POST /
Fri Oct 19 2018 15:20:31 GMT+0530 (IST): POST /
Fri Oct 19 2018 15:20:34 GMT+0530 (IST): POST /
Fri Oct 19 2018 15:20:36 GMT+0530 (IST): POST /
Fri Oct 19 2018 15:20:38 GMT+0530 (IST): POST /
Fri Oct 19 2018 15:20:41 GMT+0530 (IST): POST /
Fri Oct 19 2018 15:20:42 GMT+0530 (IST): POST /
Fri Oct 19 2018 15:20:44 GMT+0530 (IST): POST /
Fri Oct 19 2018 15:20:46 GMT+0530 (IST): POST /
Fri Oct 19 2018 15:20:48 GMT+0530 (IST): POST /
Fri Oct 19 2018 15:20:49 GMT+0530 (IST): POST /
Fri Oct 19 2018 15:20:51 GMT+0530 (IST): POST /
Fri Oct 19 2018 15:20:52 GMT+0530 (IST): POST /
Fri Oct 19 2018 15:20:54 GMT+0530 (IST): POST /
Fri Oct 19 2018 15:20:56 GMT+0530 (IST): POST /
Fri Oct 19 2018 15:20:58 GMT+0530 (IST): POST /
Fri Oct 19 2018 22:13:41 GMT+0530 (IST): POST /
Fri Oct 19 2018 22:14:00 GMT+0530 (IST): POST /
Fri Oct 19 2018 22:14:08 GMT+0530 (IST): POST /
Fri Oct 19 2018 22:14:17 GMT+0530 (IST): POST /
Fri Oct 19 2018 22:19:14 GMT+0530 (IST): POST /
Fri Oct 19 2018 22:19:26 GMT+0530 (IST): POST /
Fri Oct 19 2018 22:19:36 GMT+0530 (IST): POST /
Fri Oct 19 2018 22:19:40 GMT+0530 (IST): POST /
Fri Oct 19 2018 22:19:45 GMT+0530 (IST): POST /
Fri Oct 19 2018 22:19:48 GMT+0530 (IST): POST /
Fri Oct 19 2018 22:20:37 GMT+0530 (IST): POST /
Fri Oct 19 2018 22:20:47 GMT+0530 (IST): POST /
Fri Oct 19 2018 22:21:52 GMT+0530 (IST): POST /
Fri Oct 19 2018 22:22:10 GMT+0530 (IST): POST /
Fri Oct 19 2018 22:22:15 GMT+0530 (IST): POST /
Fri Oct 19 2018 22:22:21 GMT+0530 (IST): POST /
Fri Oct 19 2018 22:24:00 GMT+0530 (IST): POST /
Fri Oct 19 2018 22:35:18 GMT+0530 (IST): POST /
Fri Oct 19 2018 22:39:03 GMT+0530 (IST): POST /
Fri Oct 19 2018 22:42:19 GMT+0530 (IST): POST /
Fri Oct 19 2018 22:46:18 GMT+0530 (IST): POST /
Fri Oct 19 2018 22:48:18 GMT+0530 (IST): POST /
Fri Oct 19 2018 22:48:33 GMT+0530 (IST): POST /
Fri Oct 19 2018 22:49:17 GMT+0530 (IST): POST /
Fri Oct 19 2018 22:50:49 GMT+0530 (IST): POST /
Fri Oct 19 2018 22:56:01 GMT+0530 (IST): POST /
Fri Oct 19 2018 22:56:56 GMT+0530 (IST): POST /
Fri Oct 19 2018 22:57:56 GMT+0530 (IST): POST /
Fri Oct 19 2018 22:59:59 GMT+0530 (IST): POST /
Fri Oct 19 2018 23:00:38 GMT+0530 (IST): POST /
Fri Oct 19 2018 23:03:14 GMT+0530 (IST): POST /
Fri Oct 19 2018 23:03:47 GMT+0530 (IST): POST /
Fri Oct 19 2018 23:06:12 GMT+0530 (IST): POST /
Fri Oct 19 2018 23:08:28 GMT+0530 (IST): POST /
Fri Oct 19 2018 23:08:44 GMT+0530 (IST): POST /
Fri Oct 19 2018 23:08:52 GMT+0530 (IST): POST /
Fri Oct 19 2018 23:10:06 GMT+0530 (IST): POST /
Fri Oct 19 2018 23:10:47 GMT+0530 (IST): POST /
Fri Oct 19 2018 23:11:06 GMT+0530 (IST): POST /
Fri Oct 19 2018 23:14:40 GMT+0530 (IST): POST /
Fri Oct 19 2018 23:15:22 GMT+0530 (IST): POST /
Fri Oct 19 2018 23:17:15 GMT+0530 (IST): POST /
Fri Oct 19 2018 23:18:45 GMT+0530 (IST): POST /
Fri Oct 19 2018 23:18:58 GMT+0530 (IST): POST /
Fri Oct 19 2018 23:19:19 GMT+0530 (IST): POST /
Fri Oct 19 2018 23:19:28 GMT+0530 (IST): POST /
Fri Oct 19 2018 23:19:35 GMT+0530 (IST): POST /
Fri Oct 19 2018 23:20:32 GMT+0530 (IST): POST /
Fri Oct 19 2018 23:20:40 GMT+0530 (IST): POST /
Fri Oct 19 2018 23:21:20 GMT+0530 (IST): POST /
Fri Oct 19 2018 23:21:27 GMT+0530 (IST): POST /
Fri Oct 19 2018 23:21:35 GMT+0530 (IST): POST /
Fri Oct 19 2018 23:21:47 GMT+0530 (IST): POST /
Fri Oct 19 2018 23:21:55 GMT+0530 (IST): POST /
Fri Oct 19 2018 23:25:34 GMT+0530 (IST): OPTIONS /
Fri Oct 19 2018 23:25:34 GMT+0530 (IST): POST /
Sat Oct 20 2018 00:11:31 GMT+0530 (IST): OPTIONS /
Sat Oct 20 2018 00:11:32 GMT+0530 (IST): POST /
Sat Oct 20 2018 00:15:21 GMT+0530 (IST): OPTIONS /
Sat Oct 20 2018 00:15:22 GMT+0530 (IST): POST /
Sat Oct 20 2018 00:19:23 GMT+0530 (IST): OPTIONS /
Sat Oct 20 2018 00:19:23 GMT+0530 (IST): POST /
Sat Oct 20 2018 00:20:22 GMT+0530 (IST): OPTIONS /
Sat Oct 20 2018 00:20:22 GMT+0530 (IST): POST /
Sat Oct 20 2018 00:44:11 GMT+0530 (IST): OPTIONS /
Sat Oct 20 2018 00:44:12 GMT+0530 (IST): POST /
