Sat Oct 20 2018 01:18:08 GMT+0530 (IST): OPTIONS /
Sat Oct 20 2018 01:18:08 GMT+0530 (IST): POST /
Sat Oct 20 2018 01:18:19 GMT+0530 (IST): OPTIONS /
Sat Oct 20 2018 01:18:20 GMT+0530 (IST): POST /
Sat Oct 20 2018 01:18:28 GMT+0530 (IST): OPTIONS /
Sat Oct 20 2018 01:18:28 GMT+0530 (IST): POST /
Sat Oct 20 2018 03:42:29 GMT+0530 (IST): OPTIONS /
Sat Oct 20 2018 03:42:29 GMT+0530 (IST): POST /
Sat Oct 20 2018 03:44:27 GMT+0530 (IST): OPTIONS /
Sat Oct 20 2018 03:44:28 GMT+0530 (IST): POST /
Sat Oct 20 2018 03:46:28 GMT+0530 (IST): POST /
Sat Oct 20 2018 03:47:53 GMT+0530 (IST): OPTIONS /
Sat Oct 20 2018 03:47:54 GMT+0530 (IST): POST /
Sat Oct 20 2018 03:49:54 GMT+0530 (IST): POST /
Sat Oct 20 2018 03:50:25 GMT+0530 (IST): OPTIONS /
Sat Oct 20 2018 03:50:25 GMT+0530 (IST): POST /
Sat Oct 20 2018 03:52:25 GMT+0530 (IST): OPTIONS /
Sat Oct 20 2018 03:52:25 GMT+0530 (IST): POST /
Sat Oct 20 2018 03:54:45 GMT+0530 (IST): OPTIONS /
Sat Oct 20 2018 03:54:46 GMT+0530 (IST): POST /
Sat Oct 20 2018 03:57:14 GMT+0530 (IST): OPTIONS /
Sat Oct 20 2018 03:57:15 GMT+0530 (IST): POST /
Sat Oct 20 2018 03:57:50 GMT+0530 (IST): OPTIONS /
Sat Oct 20 2018 03:57:50 GMT+0530 (IST): POST /
Sat Oct 20 2018 03:59:32 GMT+0530 (IST): OPTIONS /
Sat Oct 20 2018 03:59:32 GMT+0530 (IST): POST /
Sat Oct 20 2018 04:00:55 GMT+0530 (IST): OPTIONS /
Sat Oct 20 2018 04:00:56 GMT+0530 (IST): POST /
Sat Oct 20 2018 04:02:04 GMT+0530 (IST): OPTIONS /
Sat Oct 20 2018 04:02:04 GMT+0530 (IST): POST /
Sat Oct 20 2018 04:02:11 GMT+0530 (IST): OPTIONS /
Sat Oct 20 2018 04:02:11 GMT+0530 (IST): POST /
Sat Oct 20 2018 04:02:18 GMT+0530 (IST): OPTIONS /
Sat Oct 20 2018 04:02:18 GMT+0530 (IST): POST /
Sat Oct 20 2018 04:02:25 GMT+0530 (IST): OPTIONS /
Sat Oct 20 2018 04:02:25 GMT+0530 (IST): POST /
Sat Oct 20 2018 04:12:56 GMT+0530 (IST): OPTIONS /
Sat Oct 20 2018 04:12:56 GMT+0530 (IST): POST /
Sat Oct 20 2018 06:31:52 GMT+0530 (IST): GET http://5.188.210.12/echo.php
Sat Oct 20 2018 15:40:13 GMT+0530 (IST): OPTIONS /
Sat Oct 20 2018 15:40:14 GMT+0530 (IST): POST /
Sat Oct 20 2018 16:07:32 GMT+0530 (IST): OPTIONS /
Sat Oct 20 2018 16:07:33 GMT+0530 (IST): POST /
Sat Oct 20 2018 16:07:40 GMT+0530 (IST): OPTIONS /
Sat Oct 20 2018 16:07:40 GMT+0530 (IST): POST /
Sat Oct 20 2018 16:16:24 GMT+0530 (IST): OPTIONS /
Sat Oct 20 2018 16:16:25 GMT+0530 (IST): POST /
Sat Oct 20 2018 23:51:02 GMT+0530 (IST): OPTIONS /
Sat Oct 20 2018 23:51:02 GMT+0530 (IST): POST /
Sun Oct 21 2018 00:15:43 GMT+0530 (IST): OPTIONS /
Sun Oct 21 2018 00:15:44 GMT+0530 (IST): POST /
Sun Oct 21 2018 00:21:48 GMT+0530 (IST): OPTIONS /
Sun Oct 21 2018 00:21:48 GMT+0530 (IST): POST /
Sun Oct 21 2018 00:23:13 GMT+0530 (IST): OPTIONS /
Sun Oct 21 2018 00:23:14 GMT+0530 (IST): POST /
Sun Oct 21 2018 00:23:26 GMT+0530 (IST): OPTIONS /
Sun Oct 21 2018 00:23:26 GMT+0530 (IST): POST /
Sun Oct 21 2018 00:24:08 GMT+0530 (IST): OPTIONS /
Sun Oct 21 2018 00:24:08 GMT+0530 (IST): POST /
Sun Oct 21 2018 00:26:33 GMT+0530 (IST): OPTIONS /
Sun Oct 21 2018 00:26:33 GMT+0530 (IST): POST /
Sun Oct 21 2018 00:30:18 GMT+0530 (IST): OPTIONS /
Sun Oct 21 2018 00:30:19 GMT+0530 (IST): POST /
Sun Oct 21 2018 00:31:56 GMT+0530 (IST): OPTIONS /
Sun Oct 21 2018 00:31:56 GMT+0530 (IST): POST /
Sun Oct 21 2018 00:32:53 GMT+0530 (IST): OPTIONS /
Sun Oct 21 2018 00:32:53 GMT+0530 (IST): POST /
Sun Oct 21 2018 00:33:04 GMT+0530 (IST): OPTIONS /
Sun Oct 21 2018 00:33:04 GMT+0530 (IST): POST /
Sun Oct 21 2018 00:33:12 GMT+0530 (IST): OPTIONS /
Sun Oct 21 2018 00:33:12 GMT+0530 (IST): POST /
Sun Oct 21 2018 00:34:32 GMT+0530 (IST): OPTIONS /
Sun Oct 21 2018 00:34:32 GMT+0530 (IST): POST /
Sun Oct 21 2018 00:37:31 GMT+0530 (IST): OPTIONS /
Sun Oct 21 2018 00:37:31 GMT+0530 (IST): POST /
Sun Oct 21 2018 00:40:31 GMT+0530 (IST): OPTIONS /
Sun Oct 21 2018 00:40:31 GMT+0530 (IST): POST /
Sun Oct 21 2018 00:41:43 GMT+0530 (IST): OPTIONS /
Sun Oct 21 2018 00:41:43 GMT+0530 (IST): POST /
Sun Oct 21 2018 00:42:03 GMT+0530 (IST): OPTIONS /
Sun Oct 21 2018 00:42:03 GMT+0530 (IST): POST /
Sun Oct 21 2018 00:50:07 GMT+0530 (IST): OPTIONS /
Sun Oct 21 2018 00:50:07 GMT+0530 (IST): POST /
Sun Oct 21 2018 00:54:27 GMT+0530 (IST): OPTIONS /
Sun Oct 21 2018 00:54:27 GMT+0530 (IST): POST /
Sun Oct 21 2018 00:55:49 GMT+0530 (IST): OPTIONS /
Sun Oct 21 2018 00:55:49 GMT+0530 (IST): POST /
Sun Oct 21 2018 01:14:34 GMT+0530 (IST): OPTIONS /
Sun Oct 21 2018 01:14:35 GMT+0530 (IST): POST /
Sun Oct 21 2018 01:16:48 GMT+0530 (IST): OPTIONS /
Sun Oct 21 2018 01:16:48 GMT+0530 (IST): POST /
Sun Oct 21 2018 01:19:15 GMT+0530 (IST): OPTIONS /
Sun Oct 21 2018 01:19:16 GMT+0530 (IST): POST /
Sun Oct 21 2018 01:26:05 GMT+0530 (IST): OPTIONS /
Sun Oct 21 2018 01:26:05 GMT+0530 (IST): POST /
Sun Oct 21 2018 01:26:35 GMT+0530 (IST): OPTIONS /
Sun Oct 21 2018 01:26:35 GMT+0530 (IST): POST /
Sun Oct 21 2018 01:27:15 GMT+0530 (IST): OPTIONS /
Sun Oct 21 2018 01:27:15 GMT+0530 (IST): POST /
Sun Oct 21 2018 01:29:36 GMT+0530 (IST): OPTIONS /
Sun Oct 21 2018 01:29:36 GMT+0530 (IST): POST /
Sun Oct 21 2018 01:30:00 GMT+0530 (IST): OPTIONS /
Sun Oct 21 2018 01:30:00 GMT+0530 (IST): POST /
Sun Oct 21 2018 01:30:11 GMT+0530 (IST): OPTIONS /
Sun Oct 21 2018 01:30:11 GMT+0530 (IST): POST /
Sun Oct 21 2018 01:30:35 GMT+0530 (IST): OPTIONS /
Sun Oct 21 2018 01:30:36 GMT+0530 (IST): POST /
Sun Oct 21 2018 01:31:43 GMT+0530 (IST): OPTIONS /
Sun Oct 21 2018 01:31:43 GMT+0530 (IST): POST /
Sun Oct 21 2018 01:31:56 GMT+0530 (IST): OPTIONS /
Sun Oct 21 2018 01:31:56 GMT+0530 (IST): POST /
Sun Oct 21 2018 01:32:07 GMT+0530 (IST): OPTIONS /
Sun Oct 21 2018 01:32:07 GMT+0530 (IST): POST /
Sun Oct 21 2018 01:32:50 GMT+0530 (IST): OPTIONS /
Sun Oct 21 2018 01:32:50 GMT+0530 (IST): POST /
Sun Oct 21 2018 01:33:19 GMT+0530 (IST): OPTIONS /
Sun Oct 21 2018 01:33:19 GMT+0530 (IST): POST /
Sun Oct 21 2018 01:36:32 GMT+0530 (IST): OPTIONS /
Sun Oct 21 2018 01:36:33 GMT+0530 (IST): POST /
Sun Oct 21 2018 01:36:48 GMT+0530 (IST): OPTIONS /
Sun Oct 21 2018 01:36:48 GMT+0530 (IST): POST /
Sun Oct 21 2018 01:37:00 GMT+0530 (IST): OPTIONS /
Sun Oct 21 2018 01:37:00 GMT+0530 (IST): POST /
Sun Oct 21 2018 01:38:14 GMT+0530 (IST): OPTIONS /
Sun Oct 21 2018 01:38:15 GMT+0530 (IST): POST /
Sun Oct 21 2018 01:38:56 GMT+0530 (IST): OPTIONS /
Sun Oct 21 2018 01:38:56 GMT+0530 (IST): POST /
Sun Oct 21 2018 01:51:18 GMT+0530 (IST): OPTIONS /
Sun Oct 21 2018 01:51:18 GMT+0530 (IST): POST /
Sun Oct 21 2018 01:51:25 GMT+0530 (IST): OPTIONS /
Sun Oct 21 2018 01:51:26 GMT+0530 (IST): POST /
Sun Oct 21 2018 20:36:27 GMT+0530 (IST): OPTIONS /
Sun Oct 21 2018 20:36:27 GMT+0530 (IST): POST /
Sun Oct 21 2018 20:44:45 GMT+0530 (IST): OPTIONS /
Sun Oct 21 2018 20:44:46 GMT+0530 (IST): POST /
Sun Oct 21 2018 20:46:21 GMT+0530 (IST): OPTIONS /
Sun Oct 21 2018 20:46:22 GMT+0530 (IST): POST /
Sun Oct 21 2018 20:46:35 GMT+0530 (IST): OPTIONS /
Sun Oct 21 2018 20:46:35 GMT+0530 (IST): POST /
Sun Oct 21 2018 20:46:51 GMT+0530 (IST): OPTIONS /
Sun Oct 21 2018 20:46:51 GMT+0530 (IST): POST /
Sun Oct 21 2018 21:00:12 GMT+0530 (IST): OPTIONS /
Sun Oct 21 2018 21:00:13 GMT+0530 (IST): POST /
Sun Oct 21 2018 21:00:49 GMT+0530 (IST): OPTIONS /
Sun Oct 21 2018 21:00:50 GMT+0530 (IST): POST /
Sun Oct 21 2018 21:02:01 GMT+0530 (IST): OPTIONS /
Sun Oct 21 2018 21:02:02 GMT+0530 (IST): POST /
Mon Oct 22 2018 10:27:59 GMT+0530 (IST): OPTIONS /
Mon Oct 22 2018 10:28:00 GMT+0530 (IST): POST /
Mon Oct 22 2018 10:44:56 GMT+0530 (IST): OPTIONS /
Mon Oct 22 2018 10:44:57 GMT+0530 (IST): POST /
Mon Oct 22 2018 10:54:58 GMT+0530 (IST): OPTIONS /
Mon Oct 22 2018 10:54:58 GMT+0530 (IST): POST /
Mon Oct 22 2018 11:28:01 GMT+0530 (IST): OPTIONS /
Mon Oct 22 2018 11:28:01 GMT+0530 (IST): POST /
Mon Oct 22 2018 11:28:41 GMT+0530 (IST): OPTIONS /
Mon Oct 22 2018 11:28:41 GMT+0530 (IST): POST /
Mon Oct 22 2018 11:30:40 GMT+0530 (IST): OPTIONS /
Mon Oct 22 2018 11:30:40 GMT+0530 (IST): POST /
Mon Oct 22 2018 11:49:00 GMT+0530 (IST): OPTIONS /
Mon Oct 22 2018 11:49:01 GMT+0530 (IST): POST /
Mon Oct 22 2018 12:00:20 GMT+0530 (IST): OPTIONS /
Mon Oct 22 2018 12:00:21 GMT+0530 (IST): POST /
Mon Oct 22 2018 12:06:51 GMT+0530 (IST): OPTIONS /
Mon Oct 22 2018 12:06:51 GMT+0530 (IST): POST /
Mon Oct 22 2018 12:18:24 GMT+0530 (IST): OPTIONS /
Mon Oct 22 2018 12:18:24 GMT+0530 (IST): POST /
Mon Oct 22 2018 12:21:49 GMT+0530 (IST): OPTIONS /
Mon Oct 22 2018 12:22:01 GMT+0530 (IST): OPTIONS /
Mon Oct 22 2018 12:22:03 GMT+0530 (IST): OPTIONS /
Mon Oct 22 2018 12:22:27 GMT+0530 (IST): OPTIONS /
Mon Oct 22 2018 12:22:28 GMT+0530 (IST): POST /
Mon Oct 22 2018 12:23:03 GMT+0530 (IST): OPTIONS /
Mon Oct 22 2018 12:23:03 GMT+0530 (IST): POST /
Mon Oct 22 2018 12:23:40 GMT+0530 (IST): OPTIONS /
Mon Oct 22 2018 12:23:41 GMT+0530 (IST): POST /
Mon Oct 22 2018 12:32:14 GMT+0530 (IST): OPTIONS /
Mon Oct 22 2018 12:32:15 GMT+0530 (IST): POST /
Mon Oct 22 2018 12:41:01 GMT+0530 (IST): OPTIONS /
Mon Oct 22 2018 12:41:01 GMT+0530 (IST): POST /
Mon Oct 22 2018 12:42:19 GMT+0530 (IST): OPTIONS /
Mon Oct 22 2018 12:42:19 GMT+0530 (IST): POST /
Mon Oct 22 2018 12:44:13 GMT+0530 (IST): OPTIONS /
Mon Oct 22 2018 12:44:13 GMT+0530 (IST): POST /
Mon Oct 22 2018 12:51:40 GMT+0530 (IST): OPTIONS /
Mon Oct 22 2018 12:51:41 GMT+0530 (IST): POST /
Mon Oct 22 2018 12:52:45 GMT+0530 (IST): OPTIONS /
Mon Oct 22 2018 12:52:45 GMT+0530 (IST): POST /
Mon Oct 22 2018 12:53:48 GMT+0530 (IST): OPTIONS /
Mon Oct 22 2018 12:53:48 GMT+0530 (IST): POST /
Mon Oct 22 2018 12:55:59 GMT+0530 (IST): OPTIONS /
Mon Oct 22 2018 12:56:00 GMT+0530 (IST): POST /
Mon Oct 22 2018 12:57:59 GMT+0530 (IST): OPTIONS /
Mon Oct 22 2018 12:58:00 GMT+0530 (IST): POST /
Mon Oct 22 2018 13:05:10 GMT+0530 (IST): OPTIONS /
Mon Oct 22 2018 13:05:11 GMT+0530 (IST): POST /
Mon Oct 22 2018 13:07:07 GMT+0530 (IST): OPTIONS /
Mon Oct 22 2018 13:07:07 GMT+0530 (IST): POST /
Mon Oct 22 2018 13:08:36 GMT+0530 (IST): OPTIONS /
Mon Oct 22 2018 13:08:43 GMT+0530 (IST): OPTIONS /
Mon Oct 22 2018 13:08:44 GMT+0530 (IST): OPTIONS /
Mon Oct 22 2018 13:08:44 GMT+0530 (IST): OPTIONS /
Mon Oct 22 2018 13:08:44 GMT+0530 (IST): OPTIONS /
Mon Oct 22 2018 13:08:44 GMT+0530 (IST): OPTIONS /
Mon Oct 22 2018 13:08:59 GMT+0530 (IST): OPTIONS /
Mon Oct 22 2018 13:09:00 GMT+0530 (IST): OPTIONS /
Mon Oct 22 2018 13:09:00 GMT+0530 (IST): OPTIONS /
Mon Oct 22 2018 13:09:00 GMT+0530 (IST): OPTIONS /
Mon Oct 22 2018 13:09:00 GMT+0530 (IST): OPTIONS /
Mon Oct 22 2018 13:09:01 GMT+0530 (IST): OPTIONS /
Mon Oct 22 2018 13:09:01 GMT+0530 (IST): OPTIONS /
Mon Oct 22 2018 13:09:01 GMT+0530 (IST): OPTIONS /
Mon Oct 22 2018 13:09:01 GMT+0530 (IST): OPTIONS /
Mon Oct 22 2018 13:09:01 GMT+0530 (IST): OPTIONS /
Mon Oct 22 2018 13:09:02 GMT+0530 (IST): OPTIONS /
Mon Oct 22 2018 13:09:02 GMT+0530 (IST): OPTIONS /
Mon Oct 22 2018 13:09:02 GMT+0530 (IST): OPTIONS /
Mon Oct 22 2018 13:09:02 GMT+0530 (IST): OPTIONS /
Mon Oct 22 2018 13:09:03 GMT+0530 (IST): OPTIONS /
Mon Oct 22 2018 13:09:03 GMT+0530 (IST): OPTIONS /
Mon Oct 22 2018 13:09:03 GMT+0530 (IST): OPTIONS /
Mon Oct 22 2018 13:09:03 GMT+0530 (IST): OPTIONS /
Mon Oct 22 2018 13:09:03 GMT+0530 (IST): OPTIONS /
Mon Oct 22 2018 13:09:04 GMT+0530 (IST): OPTIONS /
Mon Oct 22 2018 13:09:04 GMT+0530 (IST): OPTIONS /
Mon Oct 22 2018 13:09:04 GMT+0530 (IST): OPTIONS /
Mon Oct 22 2018 13:09:04 GMT+0530 (IST): OPTIONS /
Mon Oct 22 2018 13:09:05 GMT+0530 (IST): OPTIONS /
Mon Oct 22 2018 13:09:05 GMT+0530 (IST): OPTIONS /
Mon Oct 22 2018 13:13:09 GMT+0530 (IST): OPTIONS /
Mon Oct 22 2018 13:13:09 GMT+0530 (IST): POST /
Mon Oct 22 2018 13:17:12 GMT+0530 (IST): OPTIONS /
Mon Oct 22 2018 13:17:12 GMT+0530 (IST): POST /
Mon Oct 22 2018 13:18:05 GMT+0530 (IST): OPTIONS /
Mon Oct 22 2018 13:18:06 GMT+0530 (IST): POST /
Mon Oct 22 2018 18:39:42 GMT+0530 (IST): OPTIONS /
Mon Oct 22 2018 18:39:43 GMT+0530 (IST): POST /
Mon Oct 22 2018 18:40:43 GMT+0530 (IST): OPTIONS /
Mon Oct 22 2018 18:40:43 GMT+0530 (IST): POST /
Mon Oct 22 2018 19:02:46 GMT+0530 (IST): OPTIONS /
Mon Oct 22 2018 19:02:47 GMT+0530 (IST): POST /
Mon Oct 22 2018 19:05:25 GMT+0530 (IST): OPTIONS /
Mon Oct 22 2018 19:05:25 GMT+0530 (IST): POST /
Mon Oct 22 2018 19:07:48 GMT+0530 (IST): OPTIONS /
Mon Oct 22 2018 19:07:49 GMT+0530 (IST): POST /
Mon Oct 22 2018 19:11:22 GMT+0530 (IST): OPTIONS /
Mon Oct 22 2018 19:11:23 GMT+0530 (IST): POST /
Mon Oct 22 2018 19:12:41 GMT+0530 (IST): OPTIONS /
Mon Oct 22 2018 19:12:41 GMT+0530 (IST): POST /
Mon Oct 22 2018 19:12:55 GMT+0530 (IST): OPTIONS /
Mon Oct 22 2018 19:12:55 GMT+0530 (IST): POST /
Mon Oct 22 2018 19:13:56 GMT+0530 (IST): OPTIONS /
Mon Oct 22 2018 19:13:56 GMT+0530 (IST): POST /
Mon Oct 22 2018 19:15:34 GMT+0530 (IST): OPTIONS /
Mon Oct 22 2018 19:15:34 GMT+0530 (IST): POST /
Mon Oct 22 2018 19:16:02 GMT+0530 (IST): OPTIONS /
Mon Oct 22 2018 19:16:02 GMT+0530 (IST): POST /
Mon Oct 22 2018 19:30:56 GMT+0530 (IST): OPTIONS /
Mon Oct 22 2018 19:30:57 GMT+0530 (IST): POST /
Wed Oct 24 2018 22:24:05 GMT+0530 (IST): POST /newclient
Wed Oct 24 2018 23:27:55 GMT+0530 (IST): POST /newclient
Wed Oct 24 2018 23:30:26 GMT+0530 (IST): POST /newclient
Wed Oct 24 2018 23:31:15 GMT+0530 (IST): POST /newclient
Wed Oct 24 2018 23:32:36 GMT+0530 (IST): POST /newclient
Wed Oct 24 2018 23:34:08 GMT+0530 (IST): POST /newclient
Wed Oct 24 2018 23:35:41 GMT+0530 (IST): POST /newclient
Wed Oct 24 2018 23:37:44 GMT+0530 (IST): POST /newclient
Wed Oct 24 2018 23:39:03 GMT+0530 (IST): POST /newclient
Wed Oct 24 2018 23:40:13 GMT+0530 (IST): POST /newclient
Wed Oct 24 2018 23:40:44 GMT+0530 (IST): POST /newclient
Wed Oct 24 2018 23:42:14 GMT+0530 (IST): POST /newclient
Wed Oct 24 2018 23:43:18 GMT+0530 (IST): OPTIONS /
Wed Oct 24 2018 23:43:18 GMT+0530 (IST): POST /
Wed Oct 24 2018 23:43:24 GMT+0530 (IST): OPTIONS /
Wed Oct 24 2018 23:43:24 GMT+0530 (IST): POST /
Wed Oct 24 2018 23:43:29 GMT+0530 (IST): OPTIONS /
Wed Oct 24 2018 23:43:29 GMT+0530 (IST): POST /
Wed Oct 24 2018 23:44:18 GMT+0530 (IST): POST /newclient
Wed Oct 24 2018 23:46:44 GMT+0530 (IST): POST /newclient
Wed Oct 24 2018 23:46:47 GMT+0530 (IST): POST /newclient
Wed Oct 24 2018 23:49:21 GMT+0530 (IST): POST /newclient
Wed Oct 24 2018 23:51:54 GMT+0530 (IST): POST /newclient
Wed Oct 24 2018 23:54:01 GMT+0530 (IST): POST /newclient
Thu Oct 25 2018 00:47:39 GMT+0530 (IST): POST /newclient
Thu Oct 25 2018 00:48:08 GMT+0530 (IST): POST /newclient
Thu Oct 25 2018 00:51:40 GMT+0530 (IST): POST /newclient
Thu Oct 25 2018 01:22:18 GMT+0530 (IST): POST /newclient
Thu Oct 25 2018 01:23:58 GMT+0530 (IST): POST /newclient
Thu Oct 25 2018 01:24:26 GMT+0530 (IST): POST /newclient
Thu Oct 25 2018 02:20:18 GMT+0530 (IST): OPTIONS /newclient
Thu Oct 25 2018 02:20:18 GMT+0530 (IST): POST /newclient
Thu Oct 25 2018 02:21:08 GMT+0530 (IST): OPTIONS /newclient
Thu Oct 25 2018 02:21:08 GMT+0530 (IST): POST /newclient
Thu Oct 25 2018 02:24:17 GMT+0530 (IST): OPTIONS /newclient
Thu Oct 25 2018 02:24:17 GMT+0530 (IST): POST /newclient
Thu Oct 25 2018 13:37:01 GMT+0530 (IST): OPTIONS /newtable
Thu Oct 25 2018 13:38:13 GMT+0530 (IST): OPTIONS /newtable
Thu Oct 25 2018 13:39:04 GMT+0530 (IST): OPTIONS /newtable
Thu Oct 25 2018 13:39:04 GMT+0530 (IST): POST /newtable
Thu Oct 25 2018 13:41:16 GMT+0530 (IST): OPTIONS /newtable
Thu Oct 25 2018 13:41:16 GMT+0530 (IST): POST /newtable
Thu Oct 25 2018 13:42:30 GMT+0530 (IST): OPTIONS /newtable
Thu Oct 25 2018 13:42:30 GMT+0530 (IST): POST /newtable
Thu Oct 25 2018 13:44:07 GMT+0530 (IST): POST /newtable
Thu Oct 25 2018 13:47:54 GMT+0530 (IST): POST /newtable
Thu Oct 25 2018 13:48:59 GMT+0530 (IST): OPTIONS /newtable
Thu Oct 25 2018 13:48:59 GMT+0530 (IST): POST /newtable
Thu Oct 25 2018 13:49:34 GMT+0530 (IST): OPTIONS /newtable
Thu Oct 25 2018 13:49:34 GMT+0530 (IST): POST /newtable
Thu Oct 25 2018 13:50:29 GMT+0530 (IST): OPTIONS /newtable
Thu Oct 25 2018 13:50:29 GMT+0530 (IST): POST /newtable
Thu Oct 25 2018 13:51:27 GMT+0530 (IST): OPTIONS /newclient
Thu Oct 25 2018 13:51:27 GMT+0530 (IST): POST /newclient
Thu Oct 25 2018 13:54:20 GMT+0530 (IST): OPTIONS /newclient
Thu Oct 25 2018 14:03:41 GMT+0530 (IST): OPTIONS /newclient
Thu Oct 25 2018 14:03:41 GMT+0530 (IST): POST /newclient
Thu Oct 25 2018 14:08:03 GMT+0530 (IST): OPTIONS /newclient
Thu Oct 25 2018 14:08:03 GMT+0530 (IST): POST /newclient
Thu Oct 25 2018 14:10:09 GMT+0530 (IST): OPTIONS /newclient
Thu Oct 25 2018 14:10:09 GMT+0530 (IST): POST /newclient
Thu Oct 25 2018 14:10:44 GMT+0530 (IST): OPTIONS /newclient
Thu Oct 25 2018 14:10:44 GMT+0530 (IST): POST /newclient
Thu Oct 25 2018 14:11:52 GMT+0530 (IST): OPTIONS /
Thu Oct 25 2018 14:11:52 GMT+0530 (IST): POST /
Thu Oct 25 2018 14:16:24 GMT+0530 (IST): OPTIONS /newclient
Thu Oct 25 2018 14:16:24 GMT+0530 (IST): POST /newclient
Thu Oct 25 2018 14:18:17 GMT+0530 (IST): OPTIONS /newclient
Thu Oct 25 2018 14:18:17 GMT+0530 (IST): POST /newclient
Thu Oct 25 2018 14:37:18 GMT+0530 (IST): POST /newtable
Thu Oct 25 2018 14:40:10 GMT+0530 (IST): POST /newtable
Thu Oct 25 2018 14:43:53 GMT+0530 (IST): POST /newclient
Thu Oct 25 2018 14:44:22 GMT+0530 (IST): POST /newclient
Thu Oct 25 2018 14:49:16 GMT+0530 (IST): POST /newclient
Thu Oct 25 2018 14:51:29 GMT+0530 (IST): POST /newclient
Thu Oct 25 2018 14:53:19 GMT+0530 (IST): POST /newclient
Thu Oct 25 2018 15:08:40 GMT+0530 (IST): POST /newclient
Thu Oct 25 2018 15:08:59 GMT+0530 (IST): POST /newclient
Thu Oct 25 2018 15:10:23 GMT+0530 (IST): POST /newclient
Thu Oct 25 2018 15:11:26 GMT+0530 (IST): POST /newtable
Thu Oct 25 2018 15:13:32 GMT+0530 (IST): POST /newtable
Thu Oct 25 2018 15:42:01 GMT+0530 (IST): POST /newtable
Thu Oct 25 2018 15:44:47 GMT+0530 (IST): POST /newtable
Thu Oct 25 2018 15:48:58 GMT+0530 (IST): POST /newtable
Thu Oct 25 2018 15:49:05 GMT+0530 (IST): POST /newtable
Sun Oct 28 2018 16:25:46 GMT+0530 (IST): POST /newclient
Sun Oct 28 2018 16:28:28 GMT+0530 (IST): POST /newtable
Sun Oct 28 2018 16:33:29 GMT+0530 (IST): POST /newtable
Sun Oct 28 2018 16:54:44 GMT+0530 (IST): POST /newtable
Sun Oct 28 2018 16:56:29 GMT+0530 (IST): POST /newtable
Sun Oct 28 2018 17:21:42 GMT+0530 (IST): POST /newtable
Sun Oct 28 2018 17:22:49 GMT+0530 (IST): POST /newtable
Sun Oct 28 2018 17:25:34 GMT+0530 (IST): POST /newtable
Sun Oct 28 2018 17:27:09 GMT+0530 (IST): POST /newtable
Sun Oct 28 2018 17:49:49 GMT+0530 (IST): POST /newtable
Sun Oct 28 2018 17:56:31 GMT+0530 (IST): POST /newtable
Sun Oct 28 2018 17:59:45 GMT+0530 (IST): POST /newtable
Sun Oct 28 2018 18:01:05 GMT+0530 (IST): POST /newtable
Sun Oct 28 2018 18:04:35 GMT+0530 (IST): POST /newtable
Sun Oct 28 2018 18:06:16 GMT+0530 (IST): POST /newtable
Sun Oct 28 2018 18:08:09 GMT+0530 (IST): POST /newclient
Sun Oct 28 2018 18:09:35 GMT+0530 (IST): POST /newclient
Sun Oct 28 2018 18:15:21 GMT+0530 (IST): POST /newclient
Sun Oct 28 2018 18:26:43 GMT+0530 (IST): POST /newclient
Sun Oct 28 2018 18:27:26 GMT+0530 (IST): POST /newclient
Sun Oct 28 2018 18:27:34 GMT+0530 (IST): POST /newclient
Mon Oct 29 2018 14:35:28 GMT+0530 (IST): POST /newtable
Mon Oct 29 2018 14:37:46 GMT+0530 (IST): POST /newtable
Mon Oct 29 2018 14:40:06 GMT+0530 (IST): POST /newtable
Mon Oct 29 2018 14:42:01 GMT+0530 (IST): POST /newtable
Mon Oct 29 2018 15:40:55 GMT+0530 (IST): POST /newtable
Mon Oct 29 2018 15:42:56 GMT+0530 (IST): POST /newtable
Mon Oct 29 2018 15:44:58 GMT+0530 (IST): POST /newtable
Mon Oct 29 2018 15:47:08 GMT+0530 (IST): POST /newtable
Mon Oct 29 2018 16:05:40 GMT+0530 (IST): POST /newcmodule
Mon Oct 29 2018 16:05:53 GMT+0530 (IST): POST /newmodule
Mon Oct 29 2018 16:07:07 GMT+0530 (IST): POST /newmodule
Mon Oct 29 2018 17:00:39 GMT+0530 (IST): POST /newmodule
Mon Oct 29 2018 17:03:18 GMT+0530 (IST): POST /newmodule
Mon Oct 29 2018 17:05:04 GMT+0530 (IST): POST /newmodule
Mon Oct 29 2018 17:26:17 GMT+0530 (IST): POST /newmodule
Mon Oct 29 2018 17:53:24 GMT+0530 (IST): POST /newmodule
Mon Oct 29 2018 17:55:23 GMT+0530 (IST): POST /newmodule
Mon Oct 29 2018 18:04:40 GMT+0530 (IST): POST /newmodule
Mon Oct 29 2018 18:07:42 GMT+0530 (IST): POST /newmodule
Mon Oct 29 2018 20:16:06 GMT+0530 (IST): POST /newmodule
Mon Oct 29 2018 20:55:58 GMT+0530 (IST): POST /newmodule
Mon Oct 29 2018 21:05:04 GMT+0530 (IST): POST /newmodule
Mon Oct 29 2018 21:10:07 GMT+0530 (IST): POST /newtable
Mon Oct 29 2018 21:10:17 GMT+0530 (IST): POST /newmodule
Mon Oct 29 2018 22:27:27 GMT+0530 (IST): POST /newmodule
Mon Oct 29 2018 22:38:58 GMT+0530 (IST): GET /
Mon Oct 29 2018 22:48:22 GMT+0530 (IST): GET /
